<?xml version="1.0" encoding="UTF-8"?>
<robot generator="Robot 7.4.2 (Python 3.13.3 on win32)" generated="2026-06-23T14:46:55.915480" rpa="false" schemaversion="5">
<suite id="s1" name="Login" source="C:\Users\Administrator\Desktop\QA-Tester\saucedemo-e2e-tests\robot-tests\login.robot">
<test id="s1-t1" name="Prihlasenie na SauceDemo" line="10">
<kw name="Open Browser" owner="SeleniumLibrary">
<msg time="2026-06-23T14:46:56.295687" level="INFO">Opening browser 'chrome' to base url 'https://www.saucedemo.com/'.</msg>
<arg>${URL}</arg>
<arg>chrome</arg>
<doc>Opens a new browser instance to the optional ``url``.</doc>
<status status="PASS" start="2026-06-23T14:46:56.294943" elapsed="2.598193"/>
</kw>
<kw name="Input Text" owner="SeleniumLibrary">
<msg time="2026-06-23T14:46:58.896762" level="INFO">Typing text 'standard_user' into text field 'id=user-name'.</msg>
<arg>id=user-name</arg>
<arg>${USER}</arg>
<doc>Types the given ``text`` into the text field identified by ``locator``.</doc>
<status status="PASS" start="2026-06-23T14:46:58.895399" elapsed="0.241516"/>
</kw>
<kw name="Input Text" owner="SeleniumLibrary">
<msg time="2026-06-23T14:46:59.138459" level="INFO">Typing text 'secret_sauce' into text field 'id=password'.</msg>
<arg>id=password</arg>
<arg>${PASSWORD}</arg>
<doc>Types the given ``text`` into the text field identified by ``locator``.</doc>
<status status="PASS" start="2026-06-23T14:46:59.137593" elapsed="0.132194"/>
</kw>
<kw name="Click Button" owner="SeleniumLibrary">
<msg time="2026-06-23T14:46:59.270574" level="INFO">Clicking button 'id=login-button'.</msg>
<arg>id=login-button</arg>
<doc>Clicks the button identified by ``locator``.</doc>
<status status="PASS" start="2026-06-23T14:46:59.270231" elapsed="0.229599"/>
</kw>
<kw name="Wait Until Page Contains" owner="SeleniumLibrary">
<arg>Products</arg>
<doc>Waits until ``text`` appears on the current page.</doc>
<status status="PASS" start="2026-06-23T14:46:59.500458" elapsed="0.020780"/>
</kw>
<kw name="Close Browser" owner="SeleniumLibrary">
<doc>Closes the current browser.</doc>
<status status="PASS" start="2026-06-23T14:46:59.521669" elapsed="2.477702"/>
</kw>
<status status="PASS" start="2026-06-23T14:46:56.292816" elapsed="5.707077"/>
</test>
<status status="PASS" start="2026-06-23T14:46:55.917770" elapsed="6.083082"/>
</suite>
<statistics>
<total>
<stat pass="1" fail="0" skip="0">All Tests</stat>
</total>
<tag>
</tag>
<suite>
<stat name="Login" id="s1" pass="1" fail="0" skip="0">Login</stat>
</suite>
</statistics>
<errors>
</errors>
</robot>
